<?xml version="1.0" encoding="UTF-8" ?>
<testsuite errors="0" failures="0" hostname="roland-salas" name="DescifradorAsciiTest" skipped="0" tests="1" time="0.491" timestamp="2020-02-20T06:28:08">
  <properties>
    <property name="libs.spring-framework300.classpath" value="/home/roland/netbeans 11/ide/modules/org-apache-commons-logging.jar:/home/roland/netbeans 11/java/modules/ext/cglib-2.2.jar:/home/roland/netbeans 11/java/modules/ext/spring-3.0/spring-aop-3.2.7.RELEASE.jar:/home/roland/netbeans 11/java/modules/ext/spring-3.0/spring-aspects-3.2.7.RELEASE.jar:/home/roland/netbeans 11/java/modules/ext/spring-3.0/spring-beans-3.2.7.RELEASE.jar:/home/roland/netbeans 11/java/modules/ext/spring-3.0/spring-build-src-3.2.7.RELEASE.jar:/home/roland/netbeans 11/java/modules/ext/spring-3.0/spring-context-3.2.7.RELEASE.jar:/home/roland/netbeans 11/java/modules/ext/spring-3.0/spring-context-support-3.2.7.RELEASE.jar:/home/roland/netbeans 11/java/modules/ext/spring-3.0/spring-core-3.2.7.RELEASE.jar:/home/roland/netbeans 11/java/modules/ext/spring-3.0/spring-expression-3.2.7.RELEASE.jar:/home/roland/netbeans 11/java/modules/ext/spring-3.0/spring-framework-bom-3.2.7.RELEASE.jar:/home/roland/netbeans 11/java/modules/ext/spring-3.0/spring-instrument-3.2.7.RELEASE.jar:/home/roland/netbeans 11/java/modules/ext/spring-3.0/spring-instrument-tomcat-3.2.7.RELEASE.jar:/home/roland/netbeans 11/java/modules/ext/spring-3.0/spring-jdbc-3.2.7.RELEASE.jar:/home/roland/netbeans 11/java/modules/ext/spring-3.0/spring-jms-3.2.7.RELEASE.jar:/home/roland/netbeans 11/java/modules/ext/spring-3.0/spring-orm-3.2.7.RELEASE.jar:/home/roland/netbeans 11/java/modules/ext/spring-3.0/spring-oxm-3.2.7.RELEASE.jar:/home/roland/netbeans 11/java/modules/ext/spring-3.0/spring-struts-3.2.7.RELEASE.jar:/home/roland/netbeans 11/java/modules/ext/spring-3.0/spring-test-3.2.7.RELEASE.jar:/home/roland/netbeans 11/java/modules/ext/spring-3.0/spring-tx-3.2.7.RELEASE.jar:/home/roland/netbeans 11/java/modules/ext/spring-3.0/spring-web-3.2.7.RELEASE.jar:/home/roland/netbeans 11/java/modules/ext/spring-3.0/spring-webmvc-3.2.7.RELEASE.jar:/home/roland/netbeans 11/java/modules/ext/spring-3.0/spring-webmvc-portlet-3.2.7.RELEASE.jar" />
    <property name="javac.test.classpath" value=":build/classes:/home/roland/netbeans 11/platform/modules/ext/junit-4.12.jar:/home/roland/netbeans 11/platform/modules/ext/hamcrest-core-1.3.jar" />
    <property name="java.specification.version" value="10" />
    <property name="jar.index.metainf" value="false" />
    <property name="libs.spring-webmvc4.0.javadoc" value="" />
    <property name="libs.spring-framework400.classpath" value="/home/roland/netbeans 11/ide/modules/org-apache-commons-logging.jar:/home/roland/netbeans 11/java/modules/ext/cglib-2.2.jar:/home/roland/netbeans 11/java/modules/ext/spring-4/spring-aop-4.0.1.RELEASE.jar:/home/roland/netbeans 11/java/modules/ext/spring-4/spring-aspects-4.0.1.RELEASE.jar:/home/roland/netbeans 11/java/modules/ext/spring-4/spring-beans-4.0.1.RELEASE.jar:/home/roland/netbeans 11/java/modules/ext/spring-4/spring-build-src-4.0.1.RELEASE.jar:/home/roland/netbeans 11/java/modules/ext/spring-4/spring-context-4.0.1.RELEASE.jar:/home/roland/netbeans 11/java/modules/ext/spring-4/spring-context-support-4.0.1.RELEASE.jar:/home/roland/netbeans 11/java/modules/ext/spring-4/spring-core-4.0.1.RELEASE.jar:/home/roland/netbeans 11/java/modules/ext/spring-4/spring-expression-4.0.1.RELEASE.jar:/home/roland/netbeans 11/java/modules/ext/spring-4/spring-framework-bom-4.0.1.RELEASE.jar:/home/roland/netbeans 11/java/modules/ext/spring-4/spring-instrument-4.0.1.RELEASE.jar:/home/roland/netbeans 11/java/modules/ext/spring-4/spring-instrument-tomcat-4.0.1.RELEASE.jar:/home/roland/netbeans 11/java/modules/ext/spring-4/spring-jdbc-4.0.1.RELEASE.jar:/home/roland/netbeans 11/java/modules/ext/spring-4/spring-jms-4.0.1.RELEASE.jar:/home/roland/netbeans 11/java/modules/ext/spring-4/spring-messaging-4.0.1.RELEASE.jar:/home/roland/netbeans 11/java/modules/ext/spring-4/spring-orm-4.0.1.RELEASE.jar:/home/roland/netbeans 11/java/modules/ext/spring-4/spring-oxm-4.0.1.RELEASE.jar:/home/roland/netbeans 11/java/modules/ext/spring-4/spring-test-4.0.1.RELEASE.jar:/home/roland/netbeans 11/java/modules/ext/spring-4/spring-tx-4.0.1.RELEASE.jar:/home/roland/netbeans 11/java/modules/ext/spring-4/spring-web-4.0.1.RELEASE.jar:/home/roland/netbeans 11/java/modules/ext/spring-4/spring-webmvc-4.0.1.RELEASE.jar:/home/roland/netbeans 11/java/modules/ext/spring-4/spring-webmvc-portlet-4.0.1.RELEASE.jar:/home/roland/netbeans 11/java/modules/ext/spring-4/spring-websocket-4.0.1.RELEASE.jar" />
    <property name="test.binaryincludes" value="&lt;nothing&gt;" />
    <property name="debug-transport" value="dt_socket" />
    <property name="java.vendor.url" value="http://java.oracle.com/" />
    <property name="debug.modulepath" value="" />
    <property name="libs.eclipselink.javadoc" value="" />
    <property name="libs.jsp-compilation.src" value="" />
    <property name="libs.JWSAntTasks.javadoc" value="" />
    <property name="sun.boot.library.path" value="/usr/lib/jvm/java-11-openjdk-amd64/lib" />
    <property name="sun.java.command" value="org.apache.tools.ant.taskdefs.optional.junit.JUnitTestRunner DescifradorAsciiTest skipNonTests=false filtertrace=true haltOnError=false haltOnFailure=false showoutput=true outputtoformatters=true logfailedtests=true threadid=0 logtestlistenerevents=true formatter=org.apache.tools.ant.taskdefs.optional.junit.BriefJUnitResultFormatter formatter=org.apache.tools.ant.taskdefs.optional.junit.XMLJUnitResultFormatter,/home/roland/Platzi/JavaSeAvanzado/Miercoles19/build/test/results/TEST-DescifradorAsciiTest.xml crashfile=/home/roland/Platzi/JavaSeAvanzado/Miercoles19/build/junitvmwatcher14385752962016644138.properties propsfile=/home/roland/Platzi/JavaSeAvanzado/Miercoles19/build/junit9263952921504303323.properties" />
    <property name="jdk.debug" value="release" />
    <property name="libs.spring-framework300.src" value="" />
    <property name="javadoc.use" value="true" />
    <property name="libs.javac-api.maven-pom" value="" />
    <property name="javadoc.notree" value="false" />
    <property name="basedir" value="/home/roland/Platzi/JavaSeAvanzado/Miercoles19" />
    <property name="java.specification.name" value="Java Platform API Specification" />
    <property name="java.vm.specification.vendor" value="Oracle Corporation" />
    <property name="ant.file.Miercoles19" value="/home/roland/Platzi/JavaSeAvanzado/Miercoles19/build.xml" />
    <property name="libs.javac-api.javadoc" value="" />
    <property name="libs.jsf20.classpath" value="/home/roland/netbeans 11/enterprise/modules/ext/jsf-2_2/javax.faces.jar" />
    <property name="netbeans.extbrowser.manual_chrome_plugin_install" value="yes" />
    <property name="netbeans.default_userdir_root" value="/home/roland/.netbeans" />
    <property name="libs.jsp-compilation-syscp.src" value="" />
    <property name="jdk.home" value="/usr/lib/jvm/java-11-openjdk-amd64" />
    <property name="java.runtime.version" value="10.0.2+13-Ubuntu-1ubuntu0.18.04.4" />
    <property name="libs.eclipselink.maven-pom" value="" />
    <property name="libs.metro.maven-pom" value="" />
    <property name="libs.JAXB-ENDORSED.javadoc" value="" />
    <property name="sun.java2d.noddraw" value="true" />
    <property name="sun.zip.disableMemoryMapping" value="true" />
    <property name="libs.maven-dependencies.maven-pom" value="" />
    <property name="libs.jsp-compilation.javadoc" value="" />
    <property name="libs.jsf12.src" value="" />
    <property name="libs.primefaces.javadoc" value="" />
    <property name="libs.groovy-all.maven-pom" value="" />
    <property name="libs.restapi.src" value="" />
    <property name="libs.junit_5.javadoc" value="/home/roland/netbeans 11/platform/docs/junit-jupiter-api-5.3.1-javadoc.jar:/home/roland/netbeans 11/platform/docs/junit-jupiter-params-5.3.1-javadoc.jar:/home/roland/netbeans 11/platform/docs/junit-jupiter-engine-5.3.1-javadoc.jar" />
    <property name="dist.archive.excludes" value="" />
    <property name="java.io.tmpdir" value="/tmp" />
    <property name="java.version" value="10.0.2" />
    <property name="java.vm.specification.name" value="Java Virtual Machine Specification" />
    <property name="libs.hamcrest.src" value="" />
    <property name="java.library.path" value="/usr/java/packages/lib:/usr/lib/x86_64-linux-gnu/jni:/lib/x86_64-linux-gnu:/usr/lib/x86_64-linux-gnu:/usr/lib/jni:/lib:/usr/lib" />
    <property name="java.vendor" value="Oracle Corporation" />
    <property name="libs.groovy-all.src" value="" />
    <property name="libs.testng.javadoc" value="/home/roland/netbeans 11/platform/docs/testng-6.8.1-javadoc.zip" />
    <property name="meta.inf.dir" value="src/META-INF" />
    <property name="run.upgrademodulepath" value="" />
    <property name="compile.on.save" value="true" />
    <property name="jlink.additionalparam" value="" />
    <property name="libs.testng.maven-pom" value="" />
    <property name="org.openide.version" value="deprecated" />
    <property name="libs.JAVADB_DRIVER_LABEL.src" value="" />
    <property name="run.classpath" value=":build/classes" />
    <property name="libs.jaxb.src" value="" />
    <property name="test.src.dir" value="test" />
    <property name="sun.awt.enableExtraMouseButtons" value="true" />
    <property name="org.openide.major.version" value="IDE/1" />
    <property name="libs.spring-framework300.javadoc" value="" />
    <property name="ap.proc.none.internal" value="" />
    <property name="org.openide.specification.version" value="6.2" />
    <property name="user.timezone" value="" />
    <property name="jar.index" value="false" />
    <property name="libs.jpa20-persistence.classpath" value="/home/roland/netbeans 11/java/modules/ext/eclipselink/javax.persistence-2.1.0.jar" />
    <property name="libs.junit_5.classpath" value="/home/roland/netbeans 11/platform/modules/ext/junit-jupiter-api-5.3.1.jar:/home/roland/netbeans 11/platform/modules/ext/junit-jupiter-params-5.3.1.jar:/home/roland/netbeans 11/platform/modules/ext/junit-jupiter-engine-5.3.1.jar" />
    <property name="libs.eclipselinkmodelgen.javadoc" value="" />
    <property name="java.vm.specification.version" value="10" />
    <property name="javadoc.noindex" value="false" />
    <property name="javadoc.private" value="false" />
    <property name="libs.spring-webmvc4.0.maven-pom" value="" />
    <property name="libs.JAXB-ENDORSED.maven-pom" value="" />
    <property name="user.home" value="/home/roland" />
    <property name="libs.eclipselinkmodelgen.maven-pom" value="" />
    <property name="have.sources" value="true" />
    <property name="annotation.processing.processors.list" value="" />
    <property name="javac.deprecation" value="false" />
    <property name="jlink.launcher" value="true" />
    <property name="build.generated.sources.dir" value="build/generated-sources" />
    <property name="plugin.manager.check.updates" value="false" />
    <property name="netbeans.autoupdate.language" value="es" />
    <property name="build.compiler.emacs" value="true" />
    <property name="libs.eclipselinkmodelgen.src" value="" />
    <property name="build.classes.excludes" value="**/*.java,**/*.form" />
    <property name="dist.jar" value="dist/Miercoles19.jar" />
    <property name="libs.spring-webmvc4.0.classpath" value="/home/roland/netbeans 11/java/modules/ext/spring-4/spring-webmvc-4.0.1.RELEASE.jar" />
    <property name="modules.supported.internal" value="true" />
    <property name="libs.javaee-endorsed-api-7.0.javadoc" value="/home/roland/netbeans 11/enterprise/docs/javaee-doc-api.jar" />
    <property name="os.version" value="4.15.0-46-generic" />
    <property name="netbeans.home" value="/home/roland/netbeans 11/platform" />
    <property name="libs.CopyLibs.javadoc" value="" />
    <property name="debug-transport-by-os" value="dt_socket" />
    <property name="libs.jsf20.src" value="" />
    <property name="java.vm.name" value="OpenJDK 64-Bit Server VM" />
    <property name="unnamed.module.internal" value="true" />
    <property name="libs.jstl.javadoc" value="/home/roland/netbeans 11/enterprise/docs/javaee-doc-api.jar" />
    <property name="libs.javaee-endorsed-api-7.0.maven-pom" value="" />
    <property name="libs.jaxws21.classpath" value="/home/roland/netbeans 11/java/modules/ext/jaxws22/FastInfoset.jar:/home/roland/netbeans 11/java/modules/ext/jaxws22/gmbal-api-only.jar:/home/roland/netbeans 11/java/modules/ext/jaxws22/ha-api.jar:/home/roland/netbeans 11/java/modules/ext/jaxws22/javax.mail_1.4.jar:/home/roland/netbeans 11/java/modules/ext/jaxws22/jaxws-rt.jar:/home/roland/netbeans 11/java/modules/ext/jaxws22/jaxws-tools.jar:/home/roland/netbeans 11/java/modules/ext/jaxws22/management-api.jar:/home/roland/netbeans 11/java/modules/ext/jaxws22/mimepull.jar:/home/roland/netbeans 11/java/modules/ext/jaxws22/policy.jar:/home/roland/netbeans 11/java/modules/ext/jaxws22/saaj-impl.jar:/home/roland/netbeans 11/java/modules/ext/jaxws22/stax-ex.jar:/home/roland/netbeans 11/java/modules/ext/jaxws22/stax2-api.jar:/home/roland/netbeans 11/java/modules/ext/jaxws22/streambuffer.jar:/home/roland/netbeans 11/java/modules/ext/jaxws22/woodstox-core-asl.jar:/home/roland/netbeans 11/java/modules/ext/jaxws22/api/jaxws-api.jar:/home/roland/netbeans 11/java/modules/ext/jaxws22/api/jsr181-api.jar:/home/roland/netbeans 11/java/modules/ext/jaxws22/api/javax.annotation.jar:/home/roland/netbeans 11/java/modules/ext/jaxws22/api/saaj-api.jar:/home/roland/netbeans 11/ide/modules/ext/jaxb/activation.jar:/home/roland/netbeans 11/ide/modules/ext/jaxb/api/jaxb-api.jar" />
    <property name="libs.restapi.classpath" value="/home/roland/netbeans 11/enterprise/modules/ext/jaxrs-2.0/javax.ws.rs-api-2.0.jar" />
    <property name="os.arch" value="amd64" />
    <property name="build.generated.dir" value="build/generated" />
    <property name="libs.groovy-all.javadoc" value="" />
    <property name="libs.javaee-web-api-7.0.javadoc" value="/home/roland/netbeans 11/enterprise/docs/javaee-doc-api.jar" />
    <property name="libs.jsf12.maven-pom" value="" />
    <property name="libs.javaee-endorsed-api-7.0.classpath" value="/home/roland/netbeans 11/enterprise/modules/ext/javaee7-endorsed/javax.annotation-api.jar:/home/roland/netbeans 11/enterprise/modules/ext/javaee7-endorsed/javax.xml.soap-api.jar:/home/roland/netbeans 11/enterprise/modules/ext/javaee7-endorsed/jaxb-api-osgi.jar:/home/roland/netbeans 11/enterprise/modules/ext/javaee7-endorsed/jaxws-api.jar:/home/roland/netbeans 11/enterprise/modules/ext/javaee7-endorsed/jsr181-api.jar" />
    <property name="libs.primefaces.maven-pom" value="" />
    <property name="org.netbeans.io.suspend" value="0" />
    <property name="awt.toolkit" value="sun.awt.X11.XToolkit" />
    <property name="ant.project.name" value="Miercoles19" />
    <property name="dist.javadoc.dir" value="dist/javadoc" />
    <property name="default.javac.target" value="10" />
    <property name="javac.fork" value="true" />
    <property name="libs.eclipselink.classpath" value="/home/roland/netbeans 11/java/modules/ext/eclipselink/org.eclipse.persistence.core-2.5.2.jar:/home/roland/netbeans 11/java/modules/ext/eclipselink/org.eclipse.persistence.asm-2.5.2.jar:/home/roland/netbeans 11/java/modules/ext/eclipselink/org.eclipse.persistence.antlr-2.5.2.jar:/home/roland/netbeans 11/java/modules/ext/eclipselink/org.eclipse.persistence.jpa-2.5.2.jar:/home/roland/netbeans 11/java/modules/ext/eclipselink/org.eclipse.persistence.jpa.jpql-2.5.2.jar:/home/roland/netbeans 11/java/modules/ext/eclipselink/javax.persistence-2.1.0.jar" />
    <property name="libs.Comet-GlassFish-v3.classpath" value="" />
    <property name="libs.javac-api.classpath" value="" />
    <property name="libs.Comet-GlassFish-v3.javadoc" value="" />
    <property name="libs.EclipseLink-GlassFish-v3.src" value="" />
    <property name="libs.struts.classpath" value="/home/roland/netbeans 11/enterprise/modules/ext/struts/antlr-2.7.2.jar:/home/roland/netbeans 11/enterprise/modules/ext/struts/bsf-2.3.0.jar:/home/roland/netbeans 11/enterprise/modules/ext/struts/commons-beanutils-1.8.0.jar:/home/roland/netbeans 11/enterprise/modules/ext/struts/commons-chain-1.2.jar:/home/roland/netbeans 11/enterprise/modules/ext/struts/commons-digester-1.8.jar:/home/roland/netbeans 11/enterprise/modules/ext/struts/commons-fileupload-1.1.1.jar:/home/roland/netbeans 11/enterprise/modules/ext/struts/commons-io-1.1.jar:/home/roland/netbeans 11/enterprise/modules/ext/struts/commons-logging-1.0.4.jar:/home/roland/netbeans 11/enterprise/modules/ext/struts/commons-validator-1.3.1.jar:/home/roland/netbeans 11/enterprise/modules/ext/struts/jstl-1.0.2.jar:/home/roland/netbeans 11/enterprise/modules/ext/struts/oro-2.0.8.jar:/home/roland/netbeans 11/enterprise/modules/ext/struts/standard-1.0.6.jar:/home/roland/netbeans 11/enterprise/modules/ext/struts/struts-core-1.3.10.jar:/home/roland/netbeans 11/enterprise/modules/ext/struts/struts-el-1.3.10.jar:/home/roland/netbeans 11/enterprise/modules/ext/struts/struts-extras-1.3.10.jar:/home/roland/netbeans 11/enterprise/modules/ext/struts/struts-faces-1.3.10.jar:/home/roland/netbeans 11/enterprise/modules/ext/struts/struts-mailreader-dao-1.3.10.jar:/home/roland/netbeans 11/enterprise/modules/ext/struts/struts-scripting-1.3.10.jar:/home/roland/netbeans 11/enterprise/modules/ext/struts/struts-taglib-1.3.10.jar:/home/roland/netbeans 11/enterprise/modules/ext/struts/struts-tiles-1.3.10.jar" />
    <property name="libs.PostgreSQLDriver.maven-pom" value="" />
    <property name="libs.absolutelayout.src" value="" />
    <property name="testng.mode" value="testng" />
    <property name="annotation.processing.enabled.in.editor" value="false" />
    <property name="java.vm.compressedOopsMode" value="32-bit" />
    <property name="netbeans.productversion" value="Apache NetBeans IDE 11.0 (Build incubator-netbeans-release-404-on-20190319)" />
    <property name="mkdist.disabled" value="false" />
    <property name="libs.javaee-web-api-6.0.javadoc" value="/home/roland/netbeans 11/enterprise/docs/javaee-doc-api.jar" />
    <property name="libs.groovy-all.classpath" value="/home/roland/netbeans 11/groovy/modules/ext/groovy.jar:/home/roland/netbeans 11/groovy/modules/ext/groovy-ant.jar" />
    <property name="libs.javaee-api-7.0.maven-pom" value="" />
    <property name="libs.absolutelayout.javadoc" value="" />
    <property name="libs.Java-EE-GlassFish-v3-Prelude.javadoc" value="/usr/local/netbeans-8.2/enterprise/docs/javaee-doc-api.jar" />
    <property name="module.build.classes.dir" value="build/classes" />
    <property name="libs.Java-EE-GlassFish-v3-Prelude.maven-pom" value="" />
    <property name="libs.jaxb.maven-pom" value="" />
    <property name="annotation.processing.processor.options" value="" />
    <property name="libs.javaee-api-6.0.maven-pom" value="" />
    <property name="dist.dir" value="dist" />
    <property name="build.dir" value="build" />
    <property name="netbeans.autoupdate.variant" value="" />
    <property name="javadoc.version" value="false" />
    <property name="libs.metro.classpath" value="/home/roland/netbeans 11/ide/modules/ext/jaxb/activation.jar:/home/roland/netbeans 11/enterprise/modules/ext/metro/webservices-api.jar:/home/roland/netbeans 11/enterprise/modules/ext/metro/webservices-extra-api.jar:/home/roland/netbeans 11/enterprise/modules/ext/metro/webservices-extra.jar:/home/roland/netbeans 11/enterprise/modules/ext/metro/webservices-rt.jar:/home/roland/netbeans 11/enterprise/modules/ext/metro/webservices-tools.jar" />
    <property name="libs.metro.src" value="" />
    <property name="libs.CopyLibs.classpath" value="/home/roland/netbeans 11/java/ant/extra/org-netbeans-modules-java-j2seproject-copylibstask.jar" />
    <property name="sun.os.patch.level" value="unknown" />
    <property name="javadoc.html5" value="false" />
    <property name="javac.test.processorpath" value=":build/classes:/home/roland/netbeans 11/platform/modules/ext/junit-4.12.jar:/home/roland/netbeans 11/platform/modules/ext/hamcrest-core-1.3.jar" />
    <property name="libs.javaee-web-api-7.0.maven-pom" value="" />
    <property name="library.jansi.path" value="/home/roland/.gradle/native/jansi/1.14/linux64" />
    <property name="netbeans.dirs" value="/home/roland/netbeans 11/nb:/home/roland/netbeans 11/ergonomics:/home/roland/netbeans 11/ide:/home/roland/netbeans 11/extide:/home/roland/netbeans 11/java:/home/roland/netbeans 11/apisupport:/home/roland/netbeans 11/webcommon:/home/roland/netbeans 11/websvccommon:/home/roland/netbeans 11/enterprise:/home/roland/netbeans 11/mobility:/home/roland/netbeans 11/profiler:/home/roland/netbeans 11/python:/home/roland/netbeans 11/php:/home/roland/netbeans 11/identity:/home/roland/netbeans 11/harness:/home/roland/netbeans 11/cnd:/home/roland/netbeans 11/cndext:/home/roland/netbeans 11/dlight:/home/roland/netbeans 11/groovy:/home/roland/netbeans 11/extra:/home/roland/netbeans 11/javacard:/home/roland/netbeans 11/javafx:" />
    <property name="libs.JAVADB_DRIVER_LABEL.javadoc" value="" />
    <property name="tests.failed" value="true" />
    <property name="libs.hamcrest.maven-pom" value="" />
    <property name="javac.processorpath" value="" />
    <property name="libs.javaee-api-6.0.javadoc" value="/home/roland/netbeans 11/enterprise/docs/javaee-doc-api.jar" />
    <property name="libs.JWSAntTasks.maven-pom" value="" />
    <property name="javac.upgrademodulepath" value="" />
    <property name="run.modulepath" value="" />
    <property name="do.archive+manifest.available" value="true" />
    <property name="apple.laf.useScreenMenuBar" value="true" />
    <property name="user.country" value="BO" />
    <property name="sun.java.launcher" value="SUN_STANDARD" />
    <property name="libs.jpa20-persistence.src" value="" />
    <property name="libs.restapi.javadoc" value="" />
    <property name="javac.test.sourcepath" value="/home/roland/Platzi/JavaSeAvanzado/Miercoles19/build/empty" />
    <property name="libs.spring-webmvc3.0.maven-pom" value="" />
    <property name="includes" value="**" />
    <property name="libs.jsf12.javadoc" value="/home/roland/netbeans 11/enterprise/docs/javaee-doc-api.jar" />
    <property name="libs.hamcrest.classpath" value="/home/roland/netbeans 11/platform/modules/ext/hamcrest-core-1.3.jar" />
    <property name="javadoc.splitindex" value="true" />
    <property name="libs.JWSAntTasks.classpath" value="/home/roland/netbeans 11/java/ant/extra/org-netbeans-modules-javawebstart-anttasks.jar" />
    <property name="junit.available" value="true" />
    <property name="javac.processormodulepath" value="" />
    <property name="javadoc.encoding" value="UTF-8" />
    <property name="netbeans.hash.code" value="unique=06312868f-35ce-4c0c-bac0-597682514a46_c377185a-b19e-4b8b-ad9f-948caff223eb" />
    <property name="libs.jsp-compilation-syscp.maven-pom" value="" />
    <property name="libs.jstl.src" value="" />
    <property name="netbeans.running.environment" value="gnome" />
    <property name="libs.spring-webmvc3.0.classpath" value="/home/roland/netbeans 11/java/modules/ext/spring-3.0/spring-webmvc-3.2.7.RELEASE.jar" />
    <property name="java.runtime.name" value="OpenJDK Runtime Environment" />
    <property name="manifest.available" value="true" />
    <property name="libs.jaxb.javadoc" value="/home/roland/netbeans 11/ide/docs/jaxb-api-2.2.5-javadoc.jar" />
    <property name="run.jvmargs.ide" value="" />
    <property name="ant.core.lib" value="/home/roland/netbeans 11/extide/ant/lib/ant.jar" />
    <property name="libs.jsp-compilation.maven-pom" value="" />
    <property name="netbeans.logger.console" value="true" />
    <property name="javac.profile.cmd.line.arg" value="" />
    <property name="ignore.failing.tests" value="true" />
    <property name="javac.test.modulepath" value="" />
    <property name="libs.PostgreSQLDriver.javadoc" value="" />
    <property name="libs.jsp-compilation-syscp.classpath" value="/home/roland/netbeans 11/extide/ant/lib/ant.jar:/home/roland/netbeans 11/enterprise/modules/ext/servlet3.1-jsp2.3-api.jar:/home/roland/netbeans 11/enterprise/modules/ext/glassfish-jspparser-4.0.jar:/home/roland/netbeans 11/enterprise/modules/ext/jstl-impl.jar:/home/roland/netbeans 11/enterprise/modules/ext/jsf-2_2/javax.faces.jar" />
    <property name="libs.jsp-compilation.classpath" value="/home/roland/netbeans 11/extide/ant/lib/ant.jar:/home/roland/netbeans 11/enterprise/modules/ext/servlet3.1-jsp2.3-api.jar:/home/roland/netbeans 11/enterprise/modules/ext/glassfish-jspparser-4.0.jar:/home/roland/netbeans 11/enterprise/modules/ext/jsf-2_2/javax.faces.jar:/home/roland/netbeans 11/enterprise/modules/ext/jstl-api.jar:/home/roland/netbeans 11/extide/ant/lib/ant-launcher.jar" />
    <property name="ant.file.type.Miercoles19" value="file" />
    <property name="libs.Java-EE-GlassFish-v3-Prelude.classpath" value="/usr/local/glassfish-4.1.1/glassfish/modules/endorsed/webservices-api-osgi.jar:/usr/local/glassfish-4.1.1/glassfish/modules/endorsed/javax.annotation-api.jar:/usr/local/glassfish-4.1.1/glassfish/modules/endorsed/jaxb-api.jar:/usr/local/glassfish-4.1.1/glassfish/modules/cdi-api.jar:/usr/local/glassfish-4.1.1/glassfish/modules/javax.xml.rpc-api.jar:/usr/local/glassfish-4.1.1/glassfish/modules/javax.ejb-api.jar:/usr/local/glassfish-4.1.1/glassfish/modules/javax.websocket-api.jar:/usr/local/glassfish-4.1.1/glassfish/modules/javax.persistence.jar:/usr/local/glassfish-4.1.1/glassfish/modules/javax.mail.jar:/usr/local/glassfish-4.1.1/glassfish/modules/javax.servlet.jsp-api.jar:/usr/local/glassfish-4.1.1/glassfish/modules/webservices-osgi.jar:/usr/local/glassfish-4.1.1/glassfish/modules/javax.security.auth.message-api.jar:/usr/local/glassfish-4.1.1/glassfish/modules/javax.servlet.jsp.jstl-api.jar:/usr/local/glassfish-4.1.1/glassfish/modules/javax.transaction-api.jar:/usr/local/glassfish-4.1.1/glassfish/modules/javax.servlet-api.jar:/usr/local/glassfish-4.1.1/glassfish/modules/weld-osgi-bundle.jar:/usr/local/glassfish-4.1.1/glassfish/modules/javax.servlet.jsp.jar:/usr/local/glassfish-4.1.1/glassfish/modules/javax.enterprise.concurrent.jar:/usr/local/glassfish-4.1.1/glassfish/modules/javax.interceptor-api.jar:/usr/local/glassfish-4.1.1/glassfish/modules/javax.enterprise.concurrent-api.jar:/usr/local/glassfish-4.1.1/glassfish/modules/javax.servlet.jsp.jstl.jar:/usr/local/glassfish-4.1.1/glassfish/modules/bean-validator.jar:/usr/local/glassfish-4.1.1/glassfish/modules/javax.enterprise.deploy-api.jar:/usr/local/glassfish-4.1.1/glassfish/modules/javax.xml.registry-api.jar:/usr/local/glassfish-4.1.1/glassfish/modules/javax.inject.jar:/usr/local/glassfish-4.1.1/glassfish/modules/javax.security.jacc-api.jar:/usr/local/glassfish-4.1.1/glassfish/modules/javax.batch-api.jar:/usr/local/glassfish-4.1.1/glassfish/modules/javax.faces.jar:/usr/local/glassfish-4.1.1/glassfish/modules/javax.ws.rs-api.jar:/usr/local/glassfish-4.1.1/glassfish/modules/javax.jms-api.jar:/usr/local/glassfish-4.1.1/glassfish/modules/jaxb-osgi.jar:/usr/local/glassfish-4.1.1/glassfish/modules/javax.resource-api.jar:/usr/local/glassfish-4.1.1/glassfish/modules/javax.json.jar:/usr/local/glassfish-4.1.1/glassfish/modules/javax.el.jar:/usr/local/glassfish-4.1.1/glassfish/modules/javax.management.j2ee-api.jar:/usr/local/glassfish-4.1.1/mq/lib/jaxm-api.jar" />
    <property name="libs.javaee-api-6.0.classpath" value="/home/roland/netbeans 11/enterprise/modules/ext/javaee-api-6.0.jar" />
    <property name="libs.javaee-api-7.0.classpath" value="/home/roland/netbeans 11/enterprise/modules/ext/javaee-api-7.0.jar" />
    <property name="sun.cpu.isalist" value="" />
    <property name="libs.restapi.maven-pom" value="" />
    <property name="do.depend" value="false" />
    <property name="javadoc.preview" value="true" />
    <property name="sun.arch.data.model" value="64" />
    <property name="nb.show.statistics.ui" value="usageStatisticsEnabled" />
    <property name="libs.javaee-endorsed-api-7.0.src" value="" />
    <property name="sun.font.fontmanager" value="sun.awt.X11FontManager" />
    <property name="annotation.processing.enabled" value="true" />
    <property name="libs.junit_5.src" value="/home/roland/netbeans 11/platform/docs/junit-jupiter-api-5.3.1-sources.jar:/home/roland/netbeans 11/platform/docs/junit-jupiter-params-5.3.1-sources.jar:/home/roland/netbeans 11/platform/docs/junit-jupiter-engine-5.3.1-sources.jar" />
    <property name="libs.jaxb.classpath" value="/home/roland/netbeans 11/ide/modules/ext/jaxb/jaxb-impl-2.2.5-2.jar:/home/roland/netbeans 11/ide/modules/ext/jaxb/jaxb-xjc-2.2.5-2.jar:/home/roland/netbeans 11/ide/modules/ext/jaxb/jaxb1-impl-2.2.5-2.jar:/home/roland/netbeans 11/ide/modules/ext/jaxb/activation.jar:/home/roland/netbeans 11/ide/modules/ext/jaxb/api/jaxb-api.jar" />
    <property name="libs.CopyLibs.src" value="" />
    <property name="javac.source" value="10" />
    <property name="java.specification.vendor" value="Oracle Corporation" />
    <property name="java.version.date" value="2018-07-17" />
    <property name="java.home" value="/usr/lib/jvm/java-11-openjdk-amd64" />
    <property name="work.dir" value="/home/roland/Platzi/JavaSeAvanzado/Miercoles19" />
    <property name="jna.boot.library.name" value="jnidispatch-440" />
    <property name="javac.test.compilerargs" value="" />
    <property name="libs.PostgreSQLDriver.classpath" value="/home/roland/netbeans 11/ide/modules/ext/postgresql-42.2.5.jar" />
    <property name="libs.spring-webmvc3.0.javadoc" value="" />
    <property name="libs.JAXB-ENDORSED.src" value="" />
    <property name="manifest.encoding" value="UTF-8" />
    <property name="libs.spring-framework400.src" value="" />
    <property name="sun.management.compiler" value="HotSpot 64-Bit Tiered Compilers" />
    <property name="run.test.modulepath" value="" />
    <property name="libs.maven-dependencies.src" value="" />
    <property name="libs.javaee-web-api-6.0.classpath" value="/home/roland/netbeans 11/enterprise/modules/ext/javaee-web-api-6.0.jar" />
    <property name="libs.jsp-compiler.javadoc" value="" />
    <property name="debug.test.modulepath" value="" />
    <property name="libs.javaee-web-api-7.0.classpath" value="/home/roland/netbeans 11/enterprise/modules/ext/javaee-web-api-7.0.jar" />
    <property name="file.encoding" value="UTF-8" />
    <property name="java.util.logging.config.class" value="org.netbeans.core.startup.TopLogging" />
    <property name="libs.Comet-GlassFish-v3.maven-pom" value="" />
    <property name="https.nonProxyHosts" value="localhost|127.0.0.1|roland-salas" />
    <property name="libs.restlib.javadoc" value="" />
    <property name="libs.absolutelayout.classpath" value="/home/roland/netbeans 11/java/modules/ext/AbsoluteLayout.jar" />
    <property name="do.archive" value="true" />
    <property name="libs.struts.maven-pom" value="" />
    <property name="java.awt.printerjob" value="sun.print.PSPrinterJob" />
    <property name="built-jar.properties" value="/home/roland/Platzi/JavaSeAvanzado/Miercoles19/build/built-jar.properties" />
    <property name="nb.native.filechooser" value="false" />
    <property name="libs.testng.src" value="" />
    <property name="platform.active" value="default_platform" />
    <property name="manifest.file" value="manifest.mf" />
    <property name="sun.io.unicode.encoding" value="UnicodeLittle" />
    <property name="libs.struts.javadoc" value="/home/roland/netbeans 11/enterprise/docs/struts-1.3.10-javadoc.zip" />
    <property name="default.javac.source" value="10" />
    <property name="sun.desktop" value="gnome" />
    <property name="netbeans.dynamic.classpath" value="/home/roland/netbeans 11/platform/core/org-openide-filesystems.jar:/home/roland/netbeans 11/platform/core/asm-all-5.0.1.jar:/home/roland/netbeans 11/platform/core/org-openide-filesystems-compat8.jar:/home/roland/netbeans 11/platform/core/org-netbeans-libs-asm.jar:/home/roland/netbeans 11/platform/core/core.jar:/home/roland/netbeans 11/platform/core/core-base.jar:/home/roland/netbeans 11/nb/core/org-netbeans-upgrader.jar:/home/roland/netbeans 11/nb/core/locale/core_nb.jar" />
    <property name="libs.eclipselinkmodelgen.classpath" value="/home/roland/netbeans 11/java/modules/ext/eclipselink/org.eclipse.persistence.jpa.modelgen.processor-2.5.2.jar" />
    <property name="javac.systemmodulepath.cmd.line.arg" value="" />
    <property name="netbeans.buildnumber" value="incubator-netbeans-release-404-on-20190319" />
    <property name="endorsed.classpath.cmd.line.arg" value="" />
    <property name="libs.jpa20-persistence.maven-pom" value="" />
    <property name="build.sysclasspath" value="ignore" />
    <property name="os.name" value="Linux" />
    <property name="libs.CopyLibs.maven-pom" value="" />
    <property name="ant.file.type.Miercoles19-impl" value="file" />
    <property name="jdkBug6558476" value="false" />
    <property name="http.nonProxyHosts" value="localhost|127.0.0.1|roland-salas" />
    <property name="javadoc.author" value="false" />
    <property name="main.class" value="" />
    <property name="libs.jsp-compilation-syscp.javadoc" value="" />
    <property name="source.encoding" value="UTF-8" />
    <property name="jar.compress" value="false" />
    <property name="libs.javaee-api-7.0.javadoc" value="/home/roland/netbeans 11/enterprise/docs/javaee-doc-api.jar" />
    <property name="java.awt.graphicsenv" value="sun.awt.X11GraphicsEnvironment" />
    <property name="libs.jsf20.maven-pom" value="" />
    <property name="libs.restlib.classpath" value="/home/roland/netbeans 11/enterprise/modules/ext/jersey2/ext/asm-all-repackaged-2.2.0-b21.jar:/home/roland/netbeans 11/enterprise/modules/ext/jersey2/ext/cglib-2.2.0-b21.jar:/home/roland/netbeans 11/enterprise/modules/ext/jersey2/ext/guava-14.0.1.jar:/home/roland/netbeans 11/enterprise/modules/ext/jersey2/ext/hk2-api-2.2.0-b21.jar:/home/roland/netbeans 11/enterprise/modules/ext/jersey2/ext/hk2-locator-2.2.0-b21.jar:/home/roland/netbeans 11/enterprise/modules/ext/jersey2/ext/hk2-utils-2.2.0-b21.jar:/home/roland/netbeans 11/enterprise/modules/ext/jersey2/ext/javax.annotation-api-1.2.jar:/home/roland/netbeans 11/enterprise/modules/ext/jersey2/ext/javax.inject-2.2.0-b21.jar:/home/roland/netbeans 11/enterprise/modules/ext/jersey2/ext/javax.servlet-api-3.0.1.jar:/home/roland/netbeans 11/enterprise/modules/ext/jersey2/ext/jaxb-api-2.2.7.jar:/home/roland/netbeans 11/enterprise/modules/ext/jersey2/ext/jersey-entity-filtering-2.5.1.jar:/home/roland/netbeans 11/enterprise/modules/ext/jersey2/ext/jersey-media-moxy-2.5.1.jar:/home/roland/netbeans 11/enterprise/modules/ext/jersey2/ext/org.osgi.core-4.2.0.jar:/home/roland/netbeans 11/enterprise/modules/ext/jersey2/ext/osgi-resource-locator-1.0.1.jar:/home/roland/netbeans 11/enterprise/modules/ext/jersey2/ext/persistence-api-1.0.jar:/home/roland/netbeans 11/enterprise/modules/ext/jersey2/ext/validation-api-1.1.0.Final.jar:/home/roland/netbeans 11/enterprise/modules/ext/jersey2/jersey-client.jar:/home/roland/netbeans 11/enterprise/modules/ext/jersey2/jersey-common.jar:/home/roland/netbeans 11/enterprise/modules/ext/jersey2/jersey-container-servlet.jar:/home/roland/netbeans 11/enterprise/modules/ext/jersey2/jersey-container-servlet-core.jar:/home/roland/netbeans 11/enterprise/modules/ext/jersey2/jersey-server.jar" />
    <property name="apple.awt.graphics.UseQuartz" value="true" />
    <property name="run.jvmargs" value="" />
    <property name="libs.primefaces.src" value="" />
    <property name="ant.file" value="/home/roland/Platzi/JavaSeAvanzado/Miercoles19/build.xml" />
    <property name="libs.struts.src" value="" />
    <property name="path.separator" value=":" />
    <property name="libs.JAXB-ENDORSED.classpath" value="/home/roland/netbeans 11/ide/modules/ext/jaxb/api/jaxb-api.jar" />
    <property name="libs.restlib.src" value="" />
    <property name="build.test.results.dir" value="build/test/results" />
    <property name="libs.jaxws21.javadoc" value="/home/roland/netbeans 11/java/docs/jaxws-api-doc.zip" />
    <property name="libs.spring-framework400.maven-pom" value="" />
    <property name="ap.processors.internal" value="" />
    <property name="module.name" value="" />
    <property name="libs.jsf12.classpath" value="/home/roland/netbeans 11/enterprise/modules/ext/jsf-1_2/jsf-api.jar:/home/roland/netbeans 11/enterprise/modules/ext/jsf-1_2/jsf-impl.jar" />
    <property name="libs.Comet-GlassFish-v3.src" value="" />
    <property name="libs.hamcrest.javadoc" value="" />
    <property name="libs.spring-framework400.javadoc" value="" />
    <property name="libs.javac-api.src" value="" />
    <property name="java.vm.info" value="mixed mode" />
    <property name="libs.primefaces.classpath" value="/home/roland/netbeans 11/enterprise/modules/ext/primefaces/primefaces-5.0.jar" />
    <property name="libs.jaxws21.maven-pom" value="" />
    <property name="run.test.classpath" value=":build/classes:/home/roland/netbeans 11/platform/modules/ext/junit-4.12.jar:/home/roland/netbeans 11/platform/modules/ext/hamcrest-core-1.3.jar:build/test/classes" />
    <property name="dist.jlink.output" value="dist/jlink/Miercoles19" />
    <property name="javadoc.encoding.used" value="UTF-8" />
    <property name="java.class.version" value="54.0" />
    <property name="src.dir" value="src" />
    <property name="ant.project.default-target" value="default" />
    <property name="debug.classpath" value=":build/classes" />
    <property name="excludes" value="" />
    <property name="libs.javaee-api-7.0.src" value="" />
    <property name="libs.junit_4.javadoc" value="/home/roland/netbeans 11/platform/docs/junit-4.12-javadoc.jar" />
    <property name="sun.jnu.encoding" value="UTF-8" />
    <property name="run.test.jvmargs" value="" />
    <property name="libs.spring-webmvc4.0.src" value="" />
    <property name="sun.java2d.dpiaware" value="true" />
    <property name="libs.jsf20.javadoc" value="/home/roland/netbeans 11/enterprise/docs/javaee-doc-api.jar" />
    <property name="libs.JAVADB_DRIVER_LABEL.classpath" value="/usr/local/glassfish-4.1.1/javadb/lib/derby.jar:/usr/local/glassfish-4.1.1/javadb/lib/derbyclient.jar:/usr/local/glassfish-4.1.1/javadb/lib/derbynet.jar" />
    <property name="netbeans.importclass" value="org.netbeans.upgrade.AutoUpgrade" />
    <property name="netbeans.autoupdate.version" value="1.23" />
    <property name="empty.dir" value="/home/roland/Platzi/JavaSeAvanzado/Miercoles19/build/empty" />
    <property name="netbeans.user" value="/home/roland/.netbeans/11.0" />
    <property name="file.separator" value="/" />
    <property name="line.separator" value="&#xa;" />
    <property name="javadoc.additionalparam" value="" />
    <property name="javac.debug" value="true" />
    <property name="libs.restlib.maven-pom" value="" />
    <property name="libs.testng.classpath" value="/home/roland/netbeans 11/platform/modules/ext/testng-6.8.1-dist.jar" />
    <property name="libs.jsp-compiler.src" value="" />
    <property name="libs.Java-EE-GlassFish-v3-Prelude.src" value="" />
    <property name="user.name" value="roland" />
    <property name="libs.maven-dependencies.javadoc" value="/home/roland/netbeans 11/enterprise/docs/javaee-doc-api.jar" />
    <property name="build.classes.dir" value="build/classes" />
    <property name="nb.junit.single" value="false" />
    <property name="javadoc.windowtitle" value="" />
    <property name="nb.internal.action.name" value="test" />
    <property name="libs.jaxws21.src" value="" />
    <property name="libs.maven-dependencies.classpath" value="/home/roland/netbeans 11/enterprise/modules/ext/javaee6-endorsed/javax.annotation.jar:/home/roland/netbeans 11/enterprise/modules/ext/javaee6-endorsed/jaxb-api-osgi.jar:/home/roland/netbeans 11/enterprise/modules/ext/javaee6-endorsed/webservices-api-osgi.jar" />
    <property name="jna.loaded" value="true" />
    <property name="libs.junit_5.maven-pom" value="" />
    <property name="libs.jpa20-persistence.javadoc" value="" />
    <property name="ant.junit.enabletestlistenerevents" value="true" />
    <property name="libs.JWSAntTasks.src" value="" />
    <property name="libs.spring-webmvc3.0.src" value="" />
    <property name="ant.home" value="/home/roland/netbeans 11/extide/ant" />
    <property name="debug.test.classpath" value=":build/classes:/home/roland/netbeans 11/platform/modules/ext/junit-4.12.jar:/home/roland/netbeans 11/platform/modules/ext/hamcrest-core-1.3.jar:build/test/classes" />
    <property name="have.tests" value="true" />
    <property name="javac.external.vm" value="true" />
    <property name="testng.debug.mode" value="" />
    <property name="javac.target" value="10" />
    <property name="ant.file.Miercoles19-impl" value="/home/roland/Platzi/JavaSeAvanzado/Miercoles19/nbproject/build-impl.xml" />
    <property name="ant.version" value="Apache Ant(TM) version 1.10.4 compiled on June 19 2018" />
    <property name="libs.EclipseLink-GlassFish-v3.javadoc" value="/usr/local/netbeans-8.2/enterprise/docs/javaee-doc-api.jar" />
    <property name="libs.absolutelayout.maven-pom" value="" />
    <property name="jdk.gtk.version" value="2.2" />
    <property name="java.failonerror" value="true" />
    <property name="javac.modulepath" value="" />
    <property name="libs.javaee-api-6.0.src" value="" />
    <property name="user.properties.file" value="/home/roland/.netbeans/11.0/build.properties" />
    <property name="libs.EclipseLink-GlassFish-v3.maven-pom" value="" />
    <property name="netbeans.autoupdate.country" value="BO" />
    <property name="file.encoding.pkg" value="sun.io" />
    <property name="java.class.path" value="/home/roland/Platzi/JavaSeAvanzado/Miercoles19/build/classes:/home/roland/netbeans 11/platform/modules/ext/junit-4.12.jar:/home/roland/netbeans 11/platform/modules/ext/hamcrest-core-1.3.jar:/home/roland/Platzi/JavaSeAvanzado/Miercoles19/build/test/classes:/home/roland/netbeans 11/extide/ant/lib/ant-launcher.jar:/home/roland/netbeans 11/extide/ant/lib/ant.jar:/home/roland/netbeans 11/extide/ant/lib/ant-junit.jar:/home/roland/netbeans 11/extide/ant/lib/ant-junit4.jar" />
    <property name="libs.javaee-web-api-6.0.maven-pom" value="" />
    <property name="java.vm.vendor" value="Oracle Corporation" />
    <property name="ap.supported.internal" value="true" />
    <property name="netbeans.home+have.tests" value="true" />
    <property name="test.binaryexcludes" value="" />
    <property name="javac.compilerargs" value="" />
    <property name="libs.jstl.maven-pom" value="" />
    <property name="sun.cpu.endian" value="little" />
    <property name="libs.junit_4.src" value="/home/roland/netbeans 11/platform/docs/junit-4.12-sources.jar" />
    <property name="user.language" value="es" />
    <property name="copylibs.rebase" value="true" />
    <property name="libs.javaee-web-api-6.0.src" value="" />
    <property name="javadoc.nonavbar" value="false" />
    <property name="ant.java.version" value="10" />
    <property name="libs.junit_4.classpath" value="/home/roland/netbeans 11/platform/modules/ext/junit-4.12.jar" />
    <property name="libs.EclipseLink-GlassFish-v3.classpath" value="/usr/local/glassfish-4.1.1/glassfish/modules/org.eclipse.persistence.core.jar:/usr/local/glassfish-4.1.1/glassfish/modules/org.eclipse.persistence.moxy.jar:/usr/local/glassfish-4.1.1/glassfish/modules/org.eclipse.persistence.asm.jar:/usr/local/glassfish-4.1.1/glassfish/modules/org.eclipse.persistence.jpa.modelgen.processor.jar:/usr/local/glassfish-4.1.1/glassfish/modules/org.eclipse.persistence.jpa.jpql.jar:/usr/local/glassfish-4.1.1/glassfish/modules/org.eclipse.persistence.dbws.jar:/usr/local/glassfish-4.1.1/glassfish/modules/org.eclipse.persistence.oracle.jar:/usr/local/glassfish-4.1.1/glassfish/modules/org.eclipse.persistence.antlr.jar:/usr/local/glassfish-4.1.1/glassfish/modules/org.eclipse.persistence.jpa.jar:/usr/local/glassfish-4.1.1/glassfish/modules/javax.persistence.jar" />
    <property name="jlink.launcher.name" value="Miercoles19" />
    <property name="test.binarytestincludes" value="" />
    <property name="libs.junit_4.maven-pom" value="" />
    <property name="runtime.encoding" value="UTF-8" />
    <property name="libs.jsp-compiler.maven-pom" value="" />
    <property name="jlink.additionalmodules" value="" />
    <property name="javac.classpath" value="" />
    <property name="dist.jlink.dir" value="dist/jlink" />
    <property name="nb.junit.batch" value="true" />
    <property name="libs.JAVADB_DRIVER_LABEL.maven-pom" value="" />
    <property name="build.test.classes.dir" value="build/test/classes" />
    <property name="libs.spring-framework300.maven-pom" value="" />
    <property name="ant.project.invoked-targets" value="test" />
    <property name="libs.jstl.classpath" value="/home/roland/netbeans 11/enterprise/modules/ext/jstl-impl.jar:/home/roland/netbeans 11/enterprise/modules/ext/jstl-api.jar" />
    <property name="jna.platform.library.path" value="/usr/lib/x86_64-linux-gnu:/lib/x86_64-linux-gnu:/lib64:/usr/lib:/lib:/lib/i386-linux-gnu:/usr/lib/i386-linux-gnu:/usr/lib/i386-linux-gnu/sse2:/usr/lib/x86_64-linux-gnu/libfakeroot" />
    <property name="ap.cmd.line.internal" value="" />
    <property name="libs.PostgreSQLDriver.src" value="" />
    <property name="java.vendor.url.bug" value="http://bugreport.java.com/bugreport/" />
    <property name="annotation.processing.source.output" value="build/generated-sources/ap-source-output" />
    <property name="user.dir" value="/home/roland/Platzi/JavaSeAvanzado/Miercoles19" />
    <property name="platform.java" value="/usr/lib/jvm/java-11-openjdk-amd64/bin/java" />
    <property name="application.args" value="" />
    <property name="org.xml.sax.driver" value="com.sun.org.apache.xerces.internal.jaxp.SAXParserImpl$JAXPSAXParser" />
    <property name="libs.eclipselink.src" value="" />
    <property name="java.vm.version" value="10.0.2+13-Ubuntu-1ubuntu0.18.04.4" />
    <property name="libs.metro.javadoc" value="/home/roland/netbeans 11/enterprise/docs/webservices-api-javadoc.jar:/home/roland/netbeans 11/enterprise/docs/webservices-extra-javadoc.jar:/home/roland/netbeans 11/enterprise/docs/webservices-extra-api-javadoc.jar:/home/roland/netbeans 11/enterprise/docs/webservices-rt-javadoc.jar:/home/roland/netbeans 11/enterprise/docs/webservices-tools-javadoc.jar" />
    <property name="sun.awt.datatransfer.timeout" value="1000" />
    <property name="annotation.processing.run.all.processors" value="true" />
    <property name="libs.jsp-compiler.classpath" value="/home/roland/netbeans 11/enterprise/ant/extra/jspcompile.jar" />
    <property name="junit.forkmode" value="perTest" />
    <property name="libs.javaee-web-api-7.0.src" value="" />
  </properties>
  <testcase classname="DescifradorAsciiTest" name="descifrandoLaFraseTest" time="0.023" />
  <system-out><![CDATA[]]></system-out>
  <system-err><![CDATA[]]></system-err>
</testsuite>
